<?xml version="1.0" encoding="UTF-8"?>
<!-- Generated by org.testng.reporters.JUnitReportReporter -->
<testsuite skipped="0" hostname="Lenovo" name="testcases.TC006_DuplicateLead" tests="1" failures="0" timestamp="10 May 2018 16:54:59 GMT" time="37.319" errors="0">
  <testcase name="duplicateLeadTest" time="37.319" classname="testcases.TC006_DuplicateLead"/>
</testsuite> <!-- testcases.TC006_DuplicateLead -->
