<?xml version="1.0" encoding="UTF-8"?>
<!-- Generated by org.testng.reporters.JUnitReportReporter -->
<testsuite hostname="DESKTOP-8268NPD" failures="0" tests="1" name="testcases.TC001_LoginAndLogout" time="20.865" errors="0" timestamp="02 May 2022 02:29:41 GMT" skipped="0">
  <testcase classname="testcases.TC001_LoginAndLogout" name="loginAndLogout" time="20.865"/>
</testsuite> <!-- testcases.TC001_LoginAndLogout -->
