<?xml version="1.0" encoding="UTF-8"?>
<!-- Generated by org.testng.reporters.JUnitReportReporter -->
<testsuite skipped="0" hostname="Lenovo" name="testcases.TC005_DeleteLead" tests="1" failures="0" timestamp="10 May 2018 16:52:01 GMT" time="37.294" errors="0">
  <testcase name="editLeadTest" time="37.294" classname="testcases.TC005_DeleteLead"/>
</testsuite> <!-- testcases.TC005_DeleteLead -->
