<?xml version="1.0" encoding="UTF-8"?>
<!-- Generated by org.testng.reporters.JUnitReportReporter -->
<testsuite skipped="0" hostname="Lenovo" name="testcases.TC003_CreateLead" tests="1" failures="0" timestamp="06 May 2018 17:14:32 GMT" time="32.572" errors="0">
  <testcase name="createLeadTest" time="32.572" classname="testcases.TC003_CreateLead"/>
</testsuite> <!-- testcases.TC003_CreateLead -->
