<?xml version="1.0" encoding="UTF-8"?>
<!-- Generated by org.testng.reporters.JUnitReportReporter -->
<testsuite hostname="DESKTOP-8268NPD" failures="0" tests="1" name="testcases.TC001_LoginAndLogout" time="8.858" errors="0" timestamp="04 May 2022 02:14:48 GMT" skipped="0">
  <testcase classname="testcases.TC001_LoginAndLogout" name="loginAndLogout" time="8.858"/>
</testsuite> <!-- testcases.TC001_LoginAndLogout -->
